[debug] [2020-04-21T18:16:33.391Z] ----------------------------------------------------------------------
[debug] [2020-04-21T18:16:33.393Z] Command:       C:\Program Files\nodejs\node.exe C:\Users\Henrique D'Amaral\AppData\Roaming\npm\node_modules\firebase-tools\lib\bin\firebase.js init
[debug] [2020-04-21T18:16:33.394Z] CLI Version:   8.1.1
[debug] [2020-04-21T18:16:33.394Z] Platform:      win32
[debug] [2020-04-21T18:16:33.394Z] Node Version:  v12.16.1
[debug] [2020-04-21T18:16:33.395Z] Time:          Tue Apr 21 2020 15:16:33 GMT-0300 (GMT-03:00)
[debug] [2020-04-21T18:16:33.395Z] ----------------------------------------------------------------------
[debug] [2020-04-21T18:16:33.395Z] 
[debug] [2020-04-21T18:16:33.403Z] > command requires scopes: ["email","openid","https://www.googleapis.com/auth/cloudplatformprojects.readonly","https://www.googleapis.com/auth/firebase","https://www.googleapis.com/auth/cloud-platform"]
[debug] [2020-04-21T18:16:33.404Z] > authorizing via signed-in user
[info] 
     ######## #### ########  ######## ########     ###     ######  ########
     ##        ##  ##     ## ##       ##     ##  ##   ##  ##       ##
     ######    ##  ########  ######   ########  #########  ######  ######
     ##        ##  ##    ##  ##       ##     ## ##     ##       ## ##
     ##       #### ##     ## ######## ########  ##     ##  ######  ########

You're about to initialize a Firebase project in this directory:

  C:\Users\Henrique D'Amaral

Before we get started, keep in mind:

  * You are initializing in an existing Firebase project directory

[info] 
=== Project Setup
[info] 
[info] First, let's associate this project directory with a Firebase project.
[info] You can create multiple project aliases by running firebase use --add, 
[info] but for now we'll just set up a default project.
[info] 
[info] i  .firebaserc already has a default project, using qrpass-582a2.
[debug] [2020-04-21T18:16:39.304Z] >>> HTTP REQUEST GET https://firebase.googleapis.com/v1beta1/projects/qrpass-582a2  
 
[debug] [2020-04-21T18:16:39.766Z] <<< HTTP RESPONSE 403 {"vary":"X-Origin, Referer, Origin,Accept-Encoding","content-type":"application/json; charset=UTF-8","date":"Tue, 21 Apr 2020 18:16:40 GMT","server":"ESF","cache-control":"private","x-xss-protection":"0","x-frame-options":"SAMEORIGIN","x-content-type-options":"nosniff","alt-svc":"quic=\":443\"; ma=2592000; v=\"46,43\",h3-Q050=\":443\"; ma=2592000,h3-Q049=\":443\"; ma=2592000,h3-Q048=\":443\"; ma=2592000,h3-Q046=\":443\"; ma=2592000,h3-Q043=\":443\"; ma=2592000,h3-T050=\":443\"; ma=2592000","accept-ranges":"none","transfer-encoding":"chunked"}
[debug] [2020-04-21T18:16:39.767Z] <<< HTTP RESPONSE BODY {"error":{"code":403,"message":"The caller does not have permission","status":"PERMISSION_DENIED"}}
[debug] [2020-04-21T18:16:39.772Z] HTTP Error: 403, The caller does not have permission
[debug] [2020-04-21T18:16:39.909Z] FirebaseError: HTTP Error: 403, The caller does not have permission
    at module.exports (C:\Users\Henrique D'Amaral\AppData\Roaming\npm\node_modules\firebase-tools\lib\responseToError.js:38:12)
    at Request._callback (C:\Users\Henrique D'Amaral\AppData\Roaming\npm\node_modules\firebase-tools\lib\api.js:41:35)
    at Request.self.callback (C:\Users\Henrique D'Amaral\AppData\Roaming\npm\node_modules\firebase-tools\node_modules\request\request.js:185:22)
    at Request.emit (events.js:311:20)
    at Request.EventEmitter.emit (domain.js:482:12)
    at Request.<anonymous> (C:\Users\Henrique D'Amaral\AppData\Roaming\npm\node_modules\firebase-tools\node_modules\request\request.js:1154:10)
    at Request.emit (events.js:311:20)
    at Request.EventEmitter.emit (domain.js:482:12)
    at IncomingMessage.<anonymous> (C:\Users\Henrique D'Amaral\AppData\Roaming\npm\node_modules\firebase-tools\node_modules\request\request.js:1076:12)
    at Object.onceWrapper (events.js:417:28)
    at IncomingMessage.emit (events.js:323:22)
    at IncomingMessage.EventEmitter.emit (domain.js:482:12)
    at endReadableNT (_stream_readable.js:1204:12)
    at processTicksAndRejections (internal/process/task_queues.js:84:21)
[error] 
[error] Error: Failed to get Firebase project qrpass-582a2. Please make sure the project exists and your account has permission to access it.
